0 info it worked if it ends with ok
1 verbose cli [ 'c:\\Program Files\\nodejs\\node.exe',
1 verbose cli   'c:\\Program Files\\nodejs\\node_modules\\npm\\bin\\npm-cli.js',
1 verbose cli   'publish' ]
2 info using npm@2.5.1
3 info using node@v0.12.0
4 verbose publish [ '.' ]
5 silly cache add args [ '.', null ]
6 verbose cache add spec .
7 silly cache add parsed spec { raw: '.',
7 silly cache add   scope: null,
7 silly cache add   name: null,
7 silly cache add   rawSpec: '.',
7 silly cache add   spec: 'c:\\Programming\\chai-fixture',
7 silly cache add   type: 'directory' }
8 verbose addLocalDirectory C:\Users\for57625\AppData\Roaming\npm-cache\chai-fixture\1.0.1\package.tgz not in flight; packing
9 verbose tar pack [ 'C:\\Users\\for57625\\AppData\\Roaming\\npm-cache\\chai-fixture\\1.0.1\\package.tgz',
9 verbose tar pack   'c:\\Programming\\chai-fixture' ]
10 verbose tarball C:\Users\for57625\AppData\Roaming\npm-cache\chai-fixture\1.0.1\package.tgz
11 verbose folder c:\Programming\chai-fixture
12 info prepublish chai-fixture@1.0.1
13 verbose addLocalTarball adding from inside cache C:\Users\for57625\AppData\Roaming\npm-cache\chai-fixture\1.0.1\package.tgz
14 silly cache afterAdd chai-fixture@1.0.1
15 verbose afterAdd C:\Users\for57625\AppData\Roaming\npm-cache\chai-fixture\1.0.1\package\package.json not in flight; writing
16 verbose afterAdd C:\Users\for57625\AppData\Roaming\npm-cache\chai-fixture\1.0.1\package\package.json written
17 silly publish { name: 'chai-fixture',
17 silly publish   version: '1.0.1',
17 silly publish   description: 'Adds DOM fixture support for Chai',
17 silly publish   main: 'chai-fixture.js',
17 silly publish   scripts: {},
17 silly publish   keywords: [ 'chai', 'fixture' ],
17 silly publish   author: { name: 'Marcus Noble', email: 'marcus.noble@stfc.ac.uk' },
17 silly publish   license: 'MIT',
17 silly publish   devDependencies: { chai: '^3.4.0' },
17 silly publish   repository:
17 silly publish    { type: 'git',
17 silly publish      url: 'https://github.com/isisbusapps/chai-fixture' },
17 silly publish   bugs: { url: 'https://github.com/isisbusapps/chai-fixture/issues' },
17 silly publish   readme: '# chai-fixture\r\nAdds DOM fixture support for Chai\r\n\r\n## Install\r\n\r\n### NPM\r\n\r\n```\r\nnpm install chai-fixture\r\n```\r\n\r\n### Bower\r\n\r\n```\r\nbower install chai-fixture\r\n```\r\n\r\n## Usage\r\n\r\n### NodeJS\r\n\r\n```JS\r\nvar chai = require(\'chai\');\r\nvar chaiFixture = require(\'chai-fixture\');\r\nchai.use(chaiFixture);\r\n\r\n// Access fixture element\r\nchai.fixture.setAttribute(\'background-color\', \'red\');\r\n```\r\n\r\n### Browser\r\n\r\n```HTML\r\n<script src="../node_modules/chai/chai.js"></script>\r\n<script src="../node_modules/chai-fixture/chai-fixture.js"></script>\r\n<script>\r\n  chai.use(chaiFixture);\r\n\r\n  // Access fixture element\r\n  chai.fixture.setAttribute(\'background-color\', \'red\');\r\n</script>\r\n```\r\n',
17 silly publish   readmeFilename: 'README.md',
17 silly publish   gitHead: 'f54ef4d76368375541ca30378cfa1f668389abf8',
17 silly publish   homepage: 'https://github.com/isisbusapps/chai-fixture',
17 silly publish   _id: 'chai-fixture@1.0.1',
17 silly publish   _shasum: '9b8653356581b4d11e29e7ca444540c0ca6e2b33',
17 silly publish   _from: '.' }
18 silly mapToRegistry name chai-fixture
19 silly mapToRegistry using default registry
20 silly mapToRegistry registry https://registry.npmjs.org/
21 silly mapToRegistry uri https://registry.npmjs.org/chai-fixture
22 verbose publish registryBase https://registry.npmjs.org/
23 silly publish uploading C:\Users\for57625\AppData\Roaming\npm-cache\chai-fixture\1.0.1\package.tgz
24 verbose request uri https://registry.npmjs.org/chai-fixture
25 verbose request sending authorization for write operation
26 info attempt registry request try #1 at 12:02:25 PM
27 verbose request using bearer token for auth
28 verbose request id 4ac1a3564368b88e
29 http request PUT https://registry.npmjs.org/chai-fixture
30 http 403 https://registry.npmjs.org/chai-fixture
31 verbose headers { 'content-type': 'application/json',
31 verbose headers   'cache-control': 'max-age=60',
31 verbose headers   'content-length': '95',
31 verbose headers   'accept-ranges': 'bytes',
31 verbose headers   date: 'Fri, 06 Nov 2015 12:02:25 GMT',
31 verbose headers   via: '1.1 varnish',
31 verbose headers   connection: 'close',
31 verbose headers   'x-served-by': 'cache-lhr6327-LHR',
31 verbose headers   'x-cache': 'MISS',
31 verbose headers   'x-cache-hits': '0',
31 verbose headers   'x-timer': 'S1446811344.407173,VS0,VE1083' }
32 verbose request invalidating C:\Users\for57625\AppData\Roaming\npm-cache\registry.npmjs.org\chai-fixture on PUT
33 error publish Failed PUT 403
34 verbose stack Error: "You cannot publish over the previously published version 1.0.1." : chai-fixture
34 verbose stack     at CachingRegistryClient.<anonymous> (c:\Program Files\nodejs\node_modules\npm\node_modules\npm-registry-client\lib\request.js:254:14)
34 verbose stack     at Request._callback (c:\Program Files\nodejs\node_modules\npm\node_modules\npm-registry-client\lib\request.js:178:14)
34 verbose stack     at Request.self.callback (c:\Program Files\nodejs\node_modules\npm\node_modules\request\request.js:344:22)
34 verbose stack     at Request.emit (events.js:110:17)
34 verbose stack     at Request.<anonymous> (c:\Program Files\nodejs\node_modules\npm\node_modules\request\request.js:1239:14)
34 verbose stack     at Request.emit (events.js:129:20)
34 verbose stack     at IncomingMessage.<anonymous> (c:\Program Files\nodejs\node_modules\npm\node_modules\request\request.js:1187:12)
34 verbose stack     at IncomingMessage.emit (events.js:129:20)
34 verbose stack     at _stream_readable.js:908:16
34 verbose stack     at process._tickCallback (node.js:355:11)
35 verbose statusCode 403
36 verbose pkgid chai-fixture
37 verbose cwd c:\Programming\chai-fixture
38 error Windows_NT 6.1.7601
39 error argv "c:\\Program Files\\nodejs\\node.exe" "c:\\Program Files\\nodejs\\node_modules\\npm\\bin\\npm-cli.js" "publish"
40 error node v0.12.0
41 error npm  v2.5.1
42 error code E403
43 error "You cannot publish over the previously published version 1.0.1." : chai-fixture
44 error If you need help, you may report this error at:
44 error     <http://github.com/npm/npm/issues>
45 verbose exit [ 1, true ]
